2026-01-27T21:20:29 | matensemble | INFO | matfluxGen.py:330 | 384309 | === COMPLETED JOBS === RUNNING JOBS === PENDING JOBS ===
2026-01-27T21:20:29 | matensemble | INFO | matfluxGen.py:331 | 384309 | ===       _______[1]  |      _______[0]  |      [2, 3, 4, 5, 6, 7, 8, 9] ===
2026-01-27T21:20:29 | matensemble | INFO | matfluxGen.py:330 | 384309 | === COMPLETED JOBS === RUNNING JOBS === PENDING JOBS ===
2026-01-27T21:20:29 | matensemble | INFO | matfluxGen.py:331 | 384309 | ===       ____[1, 0]  |      ________[]  |      [2, 3, 4, 5, 6, 7, 8, 9] ===
2026-01-27T21:20:33 | matensemble | INFO | matfluxGen.py:330 | 384309 | === COMPLETED JOBS === RUNNING JOBS === PENDING JOBS ===
2026-01-27T21:20:33 | matensemble | INFO | matfluxGen.py:331 | 384309 | ===       _[1, 0, 2]  |      _______[3]  |      [4, 5, 6, 7, 8, 9] ===
2026-01-27T21:20:35 | matensemble | INFO | matfluxGen.py:330 | 384309 | === COMPLETED JOBS === RUNNING JOBS === PENDING JOBS ===
2026-01-27T21:20:35 | matensemble | INFO | matfluxGen.py:331 | 384309 | ===       [1, 0, 2, 3]  |      ________[]  |      [4, 5, 6, 7, 8, 9] ===
2026-01-27T21:20:38 | matensemble | INFO | matfluxGen.py:330 | 384309 | === COMPLETED JOBS === RUNNING JOBS === PENDING JOBS ===
2026-01-27T21:20:38 | matensemble | INFO | matfluxGen.py:331 | 384309 | ===       [1, 0, 2, 3, 4]  |      _______[5]  |      [6, 7, 8, 9] ===
2026-01-27T21:20:42 | matensemble | INFO | matfluxGen.py:330 | 384309 | === COMPLETED JOBS === RUNNING JOBS === PENDING JOBS ===
2026-01-27T21:20:42 | matensemble | INFO | matfluxGen.py:331 | 384309 | ===       [1, 0, 2, 3, 4, 6]  |      _[5, 7, 8]  |      _______[9] ===
2026-01-27T21:20:42 | matensemble | INFO | matfluxGen.py:330 | 384309 | === COMPLETED JOBS === RUNNING JOBS === PENDING JOBS ===
2026-01-27T21:20:42 | matensemble | INFO | matfluxGen.py:331 | 384309 | ===       [1, 0, 2, 3, 4, 6, 5]  |      ____[7, 8]  |      _______[9] ===
2026-01-27T21:20:44 | matensemble | INFO | matfluxGen.py:330 | 384309 | === COMPLETED JOBS === RUNNING JOBS === PENDING JOBS ===
2026-01-27T21:20:44 | matensemble | INFO | matfluxGen.py:331 | 384309 | ===       [1, 0, 2, 3, 4, 6, 5, 8]  |      ____[7, 9]  |      ________[] ===
2026-01-27T21:20:44 | matensemble | INFO | matfluxGen.py:330 | 384309 | === COMPLETED JOBS === RUNNING JOBS === PENDING JOBS ===
2026-01-27T21:20:44 | matensemble | INFO | matfluxGen.py:331 | 384309 | ===       [1, 0, 2, 3, 4, 6, 5, 8, 7]  |      _______[9]  |      ________[] ===
2026-01-27T21:20:45 | matensemble | INFO | matfluxGen.py:330 | 384309 | === COMPLETED JOBS === RUNNING JOBS === PENDING JOBS ===
2026-01-27T21:20:45 | matensemble | INFO | matfluxGen.py:331 | 384309 | ===       [1, 0, 2, 3, 4, 6, 5, 8, 7, 9]  |      ________[]  |      ________[] ===
2026-01-27T21:20:45 | matensemble | INFO | matfluxGen.py:164 | 384309 | ============= EXITING WORKFLOW ENVIRONMENT =============
